0 info it worked if it ends with ok
1 verbose cli [ 'C:\\Program Files\\nodejs\\node.exe',
1 verbose cli   'C:\\Users\\Louis Tao\\AppData\\Roaming\\npm\\node_modules\\cnpm\\node_modules\\npm\\bin\\npm-cli.js',
1 verbose cli   '--userconfig=C:\\Users\\Louis Tao\\.cnpmrc',
1 verbose cli   '--disturl=https://npm.taobao.org/mirrors/node',
1 verbose cli   '--registry=https://registry.npm.taobao.org',
1 verbose cli   'run',
1 verbose cli   'deploy' ]
2 info using npm@3.10.10
3 info using node@v7.2.0
4 verbose run-script [ 'predeploy', 'deploy', 'postdeploy' ]
5 info lifecycle @~predeploy: @
6 silly lifecycle @~predeploy: no script for predeploy, continuing
7 info lifecycle @~deploy: @
8 verbose lifecycle @~deploy: unsafe-perm in lifecycle true
9 verbose lifecycle @~deploy: PATH: C:\Users\Louis Tao\AppData\Roaming\npm\node_modules\cnpm\node_modules\npm\bin\node-gyp-bin;E:\project\XiaoBai\node_modules\.bin;C:\Users\Louis Tao\bin;E:\tools\Git\mingw64\bin;E:\tools\Git\usr\local\bin;E:\tools\Git\usr\bin;E:\tools\Git\usr\bin;E:\tools\Git\mingw64\bin;E:\tools\Git\usr\bin;C:\Users\Louis Tao\bin;E:\tools\oracle\product\12.1.0\dbhome_1\bin;C:\Program Files\Java\jdk1.8.0_66\bin;C:\ProgramData\Oracle\Java\javapath;E:\tools\maven\apache-maven-3.3.3\bin;C:\Windows\system32;C:\Windows;C:\Windows\System32\Wbem;C:\Windows\System32\WindowsPowerShell\v1.0;C:\Program Files (x86)\NVIDIA Corporation\PhysX\Common;C:\Program Files\nodejs;C:\windows\system32;C:\windows;C:\windows\System32\Wbem;C:\windows\System32\WindowsPowerShell\v1.0;E:\tools\Git\cmd;C:\windows\System32\OpenSSH;E:\tools\Microsoft VS Code\bin;C:\Users\Louis Tao\AppData\Local\Programs\Python\Python36\Scripts;C:\Users\Louis Tao\AppData\Local\Programs\Python\Python36;C:\Windows\system32;C:\Windows;C:\Windows\System32\Wbem;C:\Windows\System32\WindowsPowerShell\v1.0;C:\Program Files (x86)\NVIDIA Corporation\PhysX\Common;C:\Users\Louis Tao\AppData\Roaming\npm;C:\Users\Louis Tao\AppData\Local\Microsoft\WindowsApps;E:\tools\Microsoft VS Code\bin;C:\Users\Louis Tao\AppData\Local\Programs\Fiddler;C:\Users\Louis Tao\AppData\Local\Microsoft\WindowsApps;C:\Users\Louis Tao\AppData\Local\Programs\Microsoft VS Code\bin;E:\tools\Git\usr\bin\vendor_perl;E:\tools\Git\usr\bin\core_perl
10 verbose lifecycle @~deploy: CWD: E:\project\XiaoBai
11 silly lifecycle @~deploy: Args: [ '/d /s /c', 'gh-pages -d build' ]
12 silly lifecycle @~deploy: Returned: code: 1  signal: null
13 info lifecycle @~deploy: Failed to exec deploy script
14 verbose stack Error: @ deploy: `gh-pages -d build`
14 verbose stack Exit status 1
14 verbose stack     at EventEmitter.<anonymous> (C:\Users\Louis Tao\AppData\Roaming\npm\node_modules\cnpm\node_modules\npm\lib\utils\lifecycle.js:255:16)
14 verbose stack     at emitTwo (events.js:106:13)
14 verbose stack     at EventEmitter.emit (events.js:191:7)
14 verbose stack     at ChildProcess.<anonymous> (C:\Users\Louis Tao\AppData\Roaming\npm\node_modules\cnpm\node_modules\npm\lib\utils\spawn.js:40:14)
14 verbose stack     at emitTwo (events.js:106:13)
14 verbose stack     at ChildProcess.emit (events.js:191:7)
14 verbose stack     at maybeClose (internal/child_process.js:885:16)
14 verbose stack     at Process.ChildProcess._handle.onexit (internal/child_process.js:226:5)
15 verbose pkgid @
16 verbose cwd E:\project\XiaoBai
17 error Windows_NT 10.0.17134
18 error argv "C:\\Program Files\\nodejs\\node.exe" "C:\\Users\\Louis Tao\\AppData\\Roaming\\npm\\node_modules\\cnpm\\node_modules\\npm\\bin\\npm-cli.js" "--userconfig=C:\\Users\\Louis Tao\\.cnpmrc" "--disturl=https://npm.taobao.org/mirrors/node" "--registry=https://registry.npm.taobao.org" "run" "deploy"
19 error node v7.2.0
20 error npm  v3.10.10
21 error code ELIFECYCLE
22 error @ deploy: `gh-pages -d build`
22 error Exit status 1
23 error Failed at the @ deploy script 'gh-pages -d build'.
23 error Make sure you have the latest version of node.js and npm installed.
23 error If you do, this is most likely a problem with the  package,
23 error not with npm itself.
23 error Tell the author that this fails on your system:
23 error     gh-pages -d build
23 error You can get information on how to open an issue for this project with:
23 error     npm bugs
23 error Or if that isn't available, you can get their info via:
23 error     npm owner ls
23 error There is likely additional logging output above.
24 verbose exit [ 1, true ]
